INFO: [VRFC 10-2263] Analyzing Verilog file "D:/FPGA/2025/MultiCycleCPU_ exceptions0427/MultiCycleCPU_ exceptions/project_130316.gen/sources_1/ip/data_ram/sim/data_ram.v" into library xil_defaultlib
INFO: [VRFC 10-311] analyzing module data_ram
INFO: [VRFC 10-2263] Analyzing Verilog file "D:/FPGA/2025/MultiCycleCPU_ exceptions0427/MultiCycleCPU_ exceptions/project_130316.gen/sources_1/ip/inst_rom_1/sim/inst_rom.v" into library xil_defaultlib
INFO: [VRFC 10-311] analyzing module inst_rom
INFO: [VRFC 10-2263] Analyzing Verilog file "D:/FPGA/2025/MultiCycleCPU_ exceptions0427/MultiCycleCPU_ exceptions/project_130316.srcs/sources_1/imports/2025/7_multi_cycle_cpu/adder.v" into library xil_defaultlib
INFO: [VRFC 10-311] analyzing module adder
INFO: [VRFC 10-2263] Analyzing Verilog file "D:/FPGA/2025/MultiCycleCPU_ exceptions0427/MultiCycleCPU_ exceptions/project_130316.srcs/sources_1/imports/2025/7_multi_cycle_cpu/exception-module.v" into library xil_defaultlib
INFO: [VRFC 10-311] analyzing module exception
INFO: [VRFC 10-2263] Analyzing Verilog file "D:/FPGA/2025/MultiCycleCPU_ exceptions0427/MultiCycleCPU_ exceptions/project_130316.srcs/sources_1/imports/2025/7_multi_cycle_cpu/mips-multicycle-cpu-with-exceptions.v" into library xil_defaultlib
INFO: [VRFC 10-311] analyzing module multi_cycle_cpu
INFO: [VRFC 10-2263] Analyzing Verilog file "D:/FPGA/2025/MultiCycleCPU_ exceptions0427/MultiCycleCPU_ exceptions/project_130316.srcs/sources_1/imports/2025/7_multi_cycle_cpu/modified-alu-module.v" into library xil_defaultlib
INFO: [VRFC 10-311] analyzing module alu
INFO: [VRFC 10-2263] Analyzing Verilog file "D:/FPGA/2025/MultiCycleCPU_ exceptions0427/MultiCycleCPU_ exceptions/project_130316.srcs/sources_1/imports/2025/7_multi_cycle_cpu/modified-decode-module.v" into library xil_defaultlib
INFO: [VRFC 10-311] analyzing module decode
INFO: [VRFC 10-2263] Analyzing Verilog file "D:/FPGA/2025/MultiCycleCPU_ exceptions0427/MultiCycleCPU_ exceptions/project_130316.srcs/sources_1/imports/2025/7_multi_cycle_cpu/modified-exe-module.v" into library xil_defaultlib
INFO: [VRFC 10-311] analyzing module exe
INFO: [VRFC 10-2263] Analyzing Verilog file "D:/FPGA/2025/MultiCycleCPU_ exceptions0427/MultiCycleCPU_ exceptions/project_130316.srcs/sources_1/imports/2025/7_multi_cycle_cpu/modified-fetch-module.v" into library xil_defaultlib
INFO: [VRFC 10-311] analyzing module fetch
INFO: [VRFC 10-2263] Analyzing Verilog file "D:/FPGA/2025/MultiCycleCPU_ exceptions0427/MultiCycleCPU_ exceptions/project_130316.srcs/sources_1/imports/2025/7_multi_cycle_cpu/modified-mem-module.v" into library xil_defaultlib
INFO: [VRFC 10-311] analyzing module mem
INFO: [VRFC 10-2263] Analyzing Verilog file "D:/FPGA/2025/MultiCycleCPU_ exceptions0427/MultiCycleCPU_ exceptions/project_130316.srcs/sources_1/imports/2025/7_multi_cycle_cpu/modified-wb-module.v" into library xil_defaultlib
INFO: [VRFC 10-311] analyzing module wb
INFO: [VRFC 10-2263] Analyzing Verilog file "D:/FPGA/2025/MultiCycleCPU_ exceptions0427/MultiCycleCPU_ exceptions/project_130316.srcs/sources_1/imports/2025/7_multi_cycle_cpu/regfile.v" into library xil_defaultlib
INFO: [VRFC 10-311] analyzing module regfile
INFO: [VRFC 10-2263] Analyzing Verilog file "D:/FPGA/2025/MultiCycleCPU_ exceptions0427/MultiCycleCPU_ exceptions/project_130316.srcs/sim_1/imports/7_multi_cycle_cpu/tb.v" into library xil_defaultlib
INFO: [VRFC 10-311] analyzing module tb
